running egg_info
creating ../build/hello_pkg/hello_pkg.egg-info
writing ../build/hello_pkg/hello_pkg.egg-info/PKG-INFO
writing dependency_links to ../build/hello_pkg/hello_pkg.egg-info/dependency_links.txt
writing entry points to ../build/hello_pkg/hello_pkg.egg-info/entry_points.txt
writing requirements to ../build/hello_pkg/hello_pkg.egg-info/requires.txt
writing top-level names to ../build/hello_pkg/hello_pkg.egg-info/top_level.txt
writing manifest file '../build/hello_pkg/hello_pkg.egg-info/SOURCES.txt'
reading manifest file '../build/hello_pkg/hello_pkg.egg-info/SOURCES.txt'
writing manifest file '../build/hello_pkg/hello_pkg.egg-info/SOURCES.txt'
running build
running build_py
creating /home/ubuntu/Documents/ROS/CPSC481-ROSLab/build/hello_pkg/build
creating /home/ubuntu/Documents/ROS/CPSC481-ROSLab/build/hello_pkg/build/lib
creating /home/ubuntu/Documents/ROS/CPSC481-ROSLab/build/hello_pkg/build/lib/hello_pkg
copying hello_pkg/__init__.py -> /home/ubuntu/Documents/ROS/CPSC481-ROSLab/build/hello_pkg/build/lib/hello_pkg
copying hello_pkg/traveler.py -> /home/ubuntu/Documents/ROS/CPSC481-ROSLab/build/hello_pkg/build/lib/hello_pkg
copying hello_pkg/hello.py -> /home/ubuntu/Documents/ROS/CPSC481-ROSLab/build/hello_pkg/build/lib/hello_pkg
running install
running install_lib
creating /home/ubuntu/Documents/ROS/CPSC481-ROSLab/install/hello_pkg/lib/python3.10/site-packages/hello_pkg
copying /home/ubuntu/Documents/ROS/CPSC481-ROSLab/build/hello_pkg/build/lib/hello_pkg/__init__.py -> /home/ubuntu/Documents/ROS/CPSC481-ROSLab/install/hello_pkg/lib/python3.10/site-packages/hello_pkg
copying /home/ubuntu/Documents/ROS/CPSC481-ROSLab/build/hello_pkg/build/lib/hello_pkg/traveler.py -> /home/ubuntu/Documents/ROS/CPSC481-ROSLab/install/hello_pkg/lib/python3.10/site-packages/hello_pkg
copying /home/ubuntu/Documents/ROS/CPSC481-ROSLab/build/hello_pkg/build/lib/hello_pkg/hello.py -> /home/ubuntu/Documents/ROS/CPSC481-ROSLab/install/hello_pkg/lib/python3.10/site-packages/hello_pkg
byte-compiling /home/ubuntu/Documents/ROS/CPSC481-ROSLab/install/hello_pkg/lib/python3.10/site-packages/hello_pkg/__init__.py to __init__.cpython-310.pyc
byte-compiling /home/ubuntu/Documents/ROS/CPSC481-ROSLab/install/hello_pkg/lib/python3.10/site-packages/hello_pkg/traveler.py to traveler.cpython-310.pyc
byte-compiling /home/ubuntu/Documents/ROS/CPSC481-ROSLab/install/hello_pkg/lib/python3.10/site-packages/hello_pkg/hello.py to hello.cpython-310.pyc
running install_data
creating /home/ubuntu/Documents/ROS/CPSC481-ROSLab/install/hello_pkg/share/ament_index
creating /home/ubuntu/Documents/ROS/CPSC481-ROSLab/install/hello_pkg/share/ament_index/resource_index
creating /home/ubuntu/Documents/ROS/CPSC481-ROSLab/install/hello_pkg/share/ament_index/resource_index/packages
copying resource/hello_pkg -> /home/ubuntu/Documents/ROS/CPSC481-ROSLab/install/hello_pkg/share/ament_index/resource_index/packages
copying package.xml -> /home/ubuntu/Documents/ROS/CPSC481-ROSLab/install/hello_pkg/share/hello_pkg
running install_egg_info
Copying ../build/hello_pkg/hello_pkg.egg-info to /home/ubuntu/Documents/ROS/CPSC481-ROSLab/install/hello_pkg/lib/python3.10/site-packages/hello_pkg-0.0.0-py3.10.egg-info
running install_scripts
Installing hello script to /home/ubuntu/Documents/ROS/CPSC481-ROSLab/install/hello_pkg/lib/hello_pkg
Installing traveler script to /home/ubuntu/Documents/ROS/CPSC481-ROSLab/install/hello_pkg/lib/hello_pkg
writing list of installed files to '/home/ubuntu/Documents/ROS/CPSC481-ROSLab/build/hello_pkg/install.log'
