[0.270s] Invoking command in '/home/ubuntu/Documents/ROS/CPSC481-ROSLab/hello_pkg': PYTHONPATH=/home/ubuntu/Documents/ROS/CPSC481-ROSLab/build/hello_pkg/prefix_override:/usr/lib/python3/dist-packages/colcon_core/task/python/colcon_distutils_commands:/home/ubuntu/Documents/ROS/CPSC481-ROSLab/install/hello_pkg/lib/python3.10/site-packages:${PYTHONPATH} /usr/bin/python3 -W ignore:setup.py install is deprecated -W ignore:easy_install command is deprecated setup.py egg_info --egg-base ../build/hello_pkg build --build-base /home/ubuntu/Documents/ROS/CPSC481-ROSLab/build/hello_pkg/build install --record /home/ubuntu/Documents/ROS/CPSC481-ROSLab/build/hello_pkg/install.log --single-version-externally-managed install_data
[0.344s] running egg_info
[0.345s] creating ../build/hello_pkg/hello_pkg.egg-info
[0.345s] writing ../build/hello_pkg/hello_pkg.egg-info/PKG-INFO
[0.345s] writing dependency_links to ../build/hello_pkg/hello_pkg.egg-info/dependency_links.txt
[0.345s] writing entry points to ../build/hello_pkg/hello_pkg.egg-info/entry_points.txt
[0.345s] writing requirements to ../build/hello_pkg/hello_pkg.egg-info/requires.txt
[0.345s] writing top-level names to ../build/hello_pkg/hello_pkg.egg-info/top_level.txt
[0.345s] writing manifest file '../build/hello_pkg/hello_pkg.egg-info/SOURCES.txt'
[0.346s] reading manifest file '../build/hello_pkg/hello_pkg.egg-info/SOURCES.txt'
[0.346s] writing manifest file '../build/hello_pkg/hello_pkg.egg-info/SOURCES.txt'
[0.346s] running build
[0.346s] running build_py
[0.346s] creating /home/ubuntu/Documents/ROS/CPSC481-ROSLab/build/hello_pkg/build
[0.346s] creating /home/ubuntu/Documents/ROS/CPSC481-ROSLab/build/hello_pkg/build/lib
[0.346s] creating /home/ubuntu/Documents/ROS/CPSC481-ROSLab/build/hello_pkg/build/lib/hello_pkg
[0.346s] copying hello_pkg/__init__.py -> /home/ubuntu/Documents/ROS/CPSC481-ROSLab/build/hello_pkg/build/lib/hello_pkg
[0.346s] copying hello_pkg/traveler.py -> /home/ubuntu/Documents/ROS/CPSC481-ROSLab/build/hello_pkg/build/lib/hello_pkg
[0.346s] copying hello_pkg/hello.py -> /home/ubuntu/Documents/ROS/CPSC481-ROSLab/build/hello_pkg/build/lib/hello_pkg
[0.347s] running install
[0.347s] running install_lib
[0.347s] creating /home/ubuntu/Documents/ROS/CPSC481-ROSLab/install/hello_pkg/lib/python3.10/site-packages/hello_pkg
[0.348s] copying /home/ubuntu/Documents/ROS/CPSC481-ROSLab/build/hello_pkg/build/lib/hello_pkg/__init__.py -> /home/ubuntu/Documents/ROS/CPSC481-ROSLab/install/hello_pkg/lib/python3.10/site-packages/hello_pkg
[0.348s] copying /home/ubuntu/Documents/ROS/CPSC481-ROSLab/build/hello_pkg/build/lib/hello_pkg/traveler.py -> /home/ubuntu/Documents/ROS/CPSC481-ROSLab/install/hello_pkg/lib/python3.10/site-packages/hello_pkg
[0.348s] copying /home/ubuntu/Documents/ROS/CPSC481-ROSLab/build/hello_pkg/build/lib/hello_pkg/hello.py -> /home/ubuntu/Documents/ROS/CPSC481-ROSLab/install/hello_pkg/lib/python3.10/site-packages/hello_pkg
[0.348s] byte-compiling /home/ubuntu/Documents/ROS/CPSC481-ROSLab/install/hello_pkg/lib/python3.10/site-packages/hello_pkg/__init__.py to __init__.cpython-310.pyc
[0.348s] byte-compiling /home/ubuntu/Documents/ROS/CPSC481-ROSLab/install/hello_pkg/lib/python3.10/site-packages/hello_pkg/traveler.py to traveler.cpython-310.pyc
[0.348s] byte-compiling /home/ubuntu/Documents/ROS/CPSC481-ROSLab/install/hello_pkg/lib/python3.10/site-packages/hello_pkg/hello.py to hello.cpython-310.pyc
[0.348s] running install_data
[0.348s] creating /home/ubuntu/Documents/ROS/CPSC481-ROSLab/install/hello_pkg/share/ament_index
[0.348s] creating /home/ubuntu/Documents/ROS/CPSC481-ROSLab/install/hello_pkg/share/ament_index/resource_index
[0.348s] creating /home/ubuntu/Documents/ROS/CPSC481-ROSLab/install/hello_pkg/share/ament_index/resource_index/packages
[0.348s] copying resource/hello_pkg -> /home/ubuntu/Documents/ROS/CPSC481-ROSLab/install/hello_pkg/share/ament_index/resource_index/packages
[0.348s] copying package.xml -> /home/ubuntu/Documents/ROS/CPSC481-ROSLab/install/hello_pkg/share/hello_pkg
[0.348s] running install_egg_info
[0.350s] Copying ../build/hello_pkg/hello_pkg.egg-info to /home/ubuntu/Documents/ROS/CPSC481-ROSLab/install/hello_pkg/lib/python3.10/site-packages/hello_pkg-0.0.0-py3.10.egg-info
[0.350s] running install_scripts
[0.357s] Installing hello script to /home/ubuntu/Documents/ROS/CPSC481-ROSLab/install/hello_pkg/lib/hello_pkg
[0.357s] Installing traveler script to /home/ubuntu/Documents/ROS/CPSC481-ROSLab/install/hello_pkg/lib/hello_pkg
[0.357s] writing list of installed files to '/home/ubuntu/Documents/ROS/CPSC481-ROSLab/build/hello_pkg/install.log'
[0.367s] Invoked command in '/home/ubuntu/Documents/ROS/CPSC481-ROSLab/hello_pkg' returned '0': PYTHONPATH=/home/ubuntu/Documents/ROS/CPSC481-ROSLab/build/hello_pkg/prefix_override:/usr/lib/python3/dist-packages/colcon_core/task/python/colcon_distutils_commands:/home/ubuntu/Documents/ROS/CPSC481-ROSLab/install/hello_pkg/lib/python3.10/site-packages:${PYTHONPATH} /usr/bin/python3 -W ignore:setup.py install is deprecated -W ignore:easy_install command is deprecated setup.py egg_info --egg-base ../build/hello_pkg build --build-base /home/ubuntu/Documents/ROS/CPSC481-ROSLab/build/hello_pkg/build install --record /home/ubuntu/Documents/ROS/CPSC481-ROSLab/build/hello_pkg/install.log --single-version-externally-managed install_data
