running egg_info
writing ../build/hello_pkg/hello_pkg.egg-info/PKG-INFO
writing dependency_links to ../build/hello_pkg/hello_pkg.egg-info/dependency_links.txt
writing entry points to ../build/hello_pkg/hello_pkg.egg-info/entry_points.txt
writing requirements to ../build/hello_pkg/hello_pkg.egg-info/requires.txt
writing top-level names to ../build/hello_pkg/hello_pkg.egg-info/top_level.txt
reading manifest file '../build/hello_pkg/hello_pkg.egg-info/SOURCES.txt'
writing manifest file '../build/hello_pkg/hello_pkg.egg-info/SOURCES.txt'
running build
running build_py
copying hello_pkg/traveler.py -> /home/ubuntu/Documents/ROS/CPSC481-ROSLab/build/hello_pkg/build/lib/hello_pkg
running install
running install_lib
copying /home/ubuntu/Documents/ROS/CPSC481-ROSLab/build/hello_pkg/build/lib/hello_pkg/traveler.py -> /home/ubuntu/Documents/ROS/CPSC481-ROSLab/install/hello_pkg/lib/python3.10/site-packages/hello_pkg
byte-compiling /home/ubuntu/Documents/ROS/CPSC481-ROSLab/install/hello_pkg/lib/python3.10/site-packages/hello_pkg/traveler.py to traveler.cpython-310.pyc
running install_data
running install_egg_info
removing '/home/ubuntu/Documents/ROS/CPSC481-ROSLab/install/hello_pkg/lib/python3.10/site-packages/hello_pkg-0.0.0-py3.10.egg-info' (and everything under it)
Copying ../build/hello_pkg/hello_pkg.egg-info to /home/ubuntu/Documents/ROS/CPSC481-ROSLab/install/hello_pkg/lib/python3.10/site-packages/hello_pkg-0.0.0-py3.10.egg-info
running install_scripts
Installing hello script to /home/ubuntu/Documents/ROS/CPSC481-ROSLab/install/hello_pkg/lib/hello_pkg
Installing traveler script to /home/ubuntu/Documents/ROS/CPSC481-ROSLab/install/hello_pkg/lib/hello_pkg
writing list of installed files to '/home/ubuntu/Documents/ROS/CPSC481-ROSLab/build/hello_pkg/install.log'
